<?xml version="1.0" encoding="UTF-8"?>
<testsuite name="com.thoughtworks.string_joiner.StringJoinerTests" tests="4" skipped="0" failures="0" errors="0" timestamp="2015-02-25T22:47:29" hostname="sebastian-radloffs-macbook.local" time="0.015">
  <properties/>
  <testcase name="shouldJoinIntoAnEmptyStringWhenListIsEmpty" classname="com.thoughtworks.string_joiner.StringJoinerTests" time="0.005"/>
  <testcase name="shouldJoinIntoTheStringWhenListIsOneString" classname="com.thoughtworks.string_joiner.StringJoinerTests" time="0.0"/>
  <testcase name="shouldContainBothStringsWhenListIsTwoStrings" classname="com.thoughtworks.string_joiner.StringJoinerTests" time="0.007"/>
  <testcase name="shouldPutDelimiterBetweenStrings" classname="com.thoughtworks.string_joiner.StringJoinerTests" time="0.0"/>
  <system-out><![CDATA[]]></system-out>
  <system-err><![CDATA[]]></system-err>
</testsuite>
