<?xml version="1.0" encoding="UTF-8"?>
<testsuite name="com.thoughtworks.demeter.CarTest" tests="1" skipped="0" failures="0" errors="0" timestamp="2015-02-25T22:47:29" hostname="sebastian-radloffs-macbook.local" time="0.223">
  <properties/>
  <testcase name="shouldOpenValveWhenAccelerating" classname="com.thoughtworks.demeter.CarTest" time="0.223"/>
  <system-out><![CDATA[]]></system-out>
  <system-err><![CDATA[]]></system-err>
</testsuite>
