<?xml version="1.0" encoding="UTF-8"?>
<testsuite name="com.thoughtworks.library.LibraryTest" tests="6" skipped="0" failures="0" errors="0" timestamp="2015-02-25T22:47:29" hostname="sebastian-radloffs-macbook.local" time="0.15">
  <properties/>
  <testcase name="shouldDisplayFormattedTime" classname="com.thoughtworks.library.LibraryTest" time="0.137"/>
  <testcase name="shouldPrintNothingWhenThereAreNoBooks" classname="com.thoughtworks.library.LibraryTest" time="0.001"/>
  <testcase name="shouldWelcomeUser" classname="com.thoughtworks.library.LibraryTest" time="0.003"/>
  <testcase name="shouldDisplayFormattedTimeWhenItIsAnEmptyString" classname="com.thoughtworks.library.LibraryTest" time="0.001"/>
  <testcase name="shouldPrintBookTitleWhenThereIsOneBook" classname="com.thoughtworks.library.LibraryTest" time="0.001"/>
  <testcase name="shouldPrintBothBookTitlesWhenThereAreTwoBooks" classname="com.thoughtworks.library.LibraryTest" time="0.001"/>
  <system-out><![CDATA[]]></system-out>
  <system-err><![CDATA[]]></system-err>
</testsuite>
